khalti-checkout/build/outputs/mapping/release/mapping.txt
khalti.R -> khalti.R:
    void <init>() -> <init>
khalti.R$anim -> khalti.R$anim:
    int abc_fade_in -> abc_fade_in
    int abc_fade_out -> abc_fade_out
    int abc_grow_fade_in_from_bottom -> abc_grow_fade_in_from_bottom
    int abc_popup_enter -> abc_popup_enter
    int abc_popup_exit -> abc_popup_exit
    int abc_shrink_fade_out_from_bottom -> abc_shrink_fade_out_from_bottom
    int abc_slide_in_bottom -> abc_slide_in_bottom
    int abc_slide_in_top -> abc_slide_in_top
    int abc_slide_out_bottom -> abc_slide_out_bottom
    int abc_slide_out_top -> abc_slide_out_top
    int design_bottom_sheet_slide_in -> design_bottom_sheet_slide_in
    int design_bottom_sheet_slide_out -> design_bottom_sheet_slide_out
    int design_snackbar_in -> design_snackbar_in
    int design_snackbar_out -> design_snackbar_out
    int tooltip_enter -> tooltip_enter
    int tooltip_exit -> tooltip_exit
    void <init>() -> <init>
    void <clinit>() -> <clinit>
khalti.R$animator -> khalti.R$animator:
    int design_appbar_state_list_animator -> design_appbar_state_list_animator
    void <init>() -> <init>
    void <clinit>() -> <clinit>
khalti.R$array -> khalti.R$array:
    int com_google_android_gms_fonts_certs -> com_google_android_gms_fonts_certs
    int com_google_android_gms_fonts_certs_dev -> com_google_android_gms_fonts_certs_dev
    int com_google_android_gms_fonts_certs_prod -> com_google_android_gms_fonts_certs_prod
    int preloaded_fonts -> preloaded_fonts
    void <init>() -> <init>
    void <clinit>() -> <clinit>
khalti.R$attr -> khalti.R$attr:
    int actionBarDivider -> actionBarDivider
    int actionBarItemBackground -> actionBarItemBackground
    int actionBarPopupTheme -> actionBarPopupTheme
    int actionBarSize -> actionBarSize
    int actionBarSplitStyle -> actionBarSplitStyle
    int actionBarStyle -> actionBarStyle
    int actionBarTabBarStyle -> actionBarTabBarStyle
    int actionBarTabStyle -> actionBarTabStyle
    int actionBarTabTextStyle -> actionBarTabTextStyle
    int actionBarTheme -> actionBarTheme
    int actionBarWidgetTheme -> actionBarWidgetTheme
    int actionButtonStyle -> actionButtonStyle
    int actionDropDownStyle -> actionDropDownStyle
    int actionLayout -> actionLayout
    int actionMenuTextAppearance -> actionMenuTextAppearance
    int actionMenuTextColor -> actionMenuTextColor
    int actionModeBackground -> actionModeBackground
    int actionModeCloseButtonStyle -> actionModeCloseButtonStyle
    int actionModeCloseDrawable -> actionModeCloseDrawable
    int actionModeCopyDrawable -> actionModeCopyDrawable
    int actionModeCutDrawable -> actionModeCutDrawable
    int actionModeFindDrawable -> actionModeFindDrawable
    int actionModePasteDrawable -> actionModePasteDrawable
    int actionModePopupWindowStyle -> actionModePopupWindowStyle
    int actionModeSelectAllDrawable -> actionModeSelectAllDrawable
    int actionModeShareDrawable -> actionModeShareDrawable
    int actionModeSplitBackground -> actionModeSplitBackground
khalti.R$bool -> khalti.R$bool:
    int abc_action_bar_embed_tabs -> abc_action_bar_embed_tabs
    int abc_allow_stacked_button_bar -> abc_allow_stacked_button_bar
    int abc_config_actionMenuItemAllCaps -> abc_config_actionMenuItemAllCaps
    int abc_config_closeDialogWhenTouchOutside -> abc_config_closeDialogWhenTouchOutside
    int abc_config_showMenuShortcutsWhenKeyboardPresent -> abc_config_showMenuShortcutsWhenKeyboardPresent
    void <init>() -> <init>
    void <clinit>() -> <clinit>
...
android.support.fragment.R$layout -> android.support.fragment.R$layout:
    int notification_action -> notification_action
    int notification_action_tombstone -> notification_action_tombstone
    int notification_template_custom_big -> notification_template_custom_big
    int notification_template_icon_group -> notification_template_icon_group
    int notification_template_part_chronometer -> notification_template_part_chronometer
    int notification_template_part_time -> notification_template_part_time
    void <init>() -> <init>
    void <clinit>() -> <clinit>
android.support.fragment.R$string -> android.support.fragment.R$string:
    int status_bar_notification_info_overflow -> status_bar_notification_info_overflow
    void <init>() -> <init>
    void <clinit>() -> <clinit>
android.support.fragment.R$style -> android.support.fragment.R$style:
    int TextAppearance_Compat_Notification -> TextAppearance_Compat_Notification
    int TextAppearance_Compat_Notification_Info -> TextAppearance_Compat_Notification_Info
    int TextAppearance_Compat_Notification_Line2 -> TextAppearance_Compat_Notification_Line2
    int TextAppearance_Compat_Notification_Time -> TextAppearance_Compat_Notification_Time
    int TextAppearance_Compat_Notification_Title -> TextAppearance_Compat_Notification_Title
    int Widget_Compat_NotificationActionContainer -> Widget_Compat_NotificationActionContainer
    int Widget_Compat_NotificationActionText -> Widget_Compat_NotificationActionText
    void <init>() -> <init>
    void <clinit>() -> <clinit>
android.support.fragment.R$styleable -> android.support.fragment.R$styleable:
    int[] FontFamily -> FontFamily
    int[] FontFamilyFont -> FontFamilyFont
    int FontFamilyFont_font -> FontFamilyFont_font
    int FontFamilyFont_fontStyle -> FontFamilyFont_fontStyle
    int FontFamilyFont_fontWeight -> FontFamilyFont_fontWeight
    int FontFamily_fontProviderAuthority -> FontFamily_fontProviderAuthority
    int FontFamily_fontProviderCerts -> FontFamily_fontProviderCerts
    int FontFamily_fontProviderFetchStrategy -> FontFamily_fontProviderFetchStrategy
    int FontFamily_fontProviderFetchTimeout -> FontFamily_fontProviderFetchTimeout
    int FontFamily_fontProviderPackage -> FontFamily_fontProviderPackage
    int FontFamily_fontProviderQuery -> FontFamily_fontProviderQuery
    void <init>() -> <init>
    void <clinit>() -> <clinit>
android.support.graphics.drawable.R -> android.support.graphics.drawable.R:
    void <init>() -> <init>
android.support.graphics.drawable.R$attr -> android.support.graphics.drawable.R$attr:
    int font -> font
    int fontProviderAuthority -> fontProviderAuthority
    int fontProviderCerts -> fontProviderCerts
    int fontProviderFetchStrategy -> fontProviderFetchStrategy
    int fontProviderFetchTimeout -> fontProviderFetchTimeout
    int fontProviderPackage -> fontProviderPackage
    int fontProviderQuery -> fontProviderQuery
    int fontStyle -> fontStyle
    int fontWeight -> fontWeight
    void <init>() -> <init>
    void <clinit>() -> <clinit>
android.support.graphics.drawable.R$bool -> android.support.graphics.drawable.R$bool:
    int abc_action_bar_embed_tabs -> abc_action_bar_embed_tabs
    void <init>() -> <init>
    void <clinit>() -> <clinit>
android.support.graphics.drawable.R$color -> android.support.graphics.drawable.R$color:
    int notification_action_color_filter -> notification_action_color_filter
    int notification_icon_bg_color -> notification_icon_bg_color
    int ripple_material_light -> ripple_material_light
    int secondary_text_default_material_light -> secondary_text_default_material_light
    void <init>() -> <init>
    void <clinit>() -> <clinit>