khalti-checkout/build/outputs/mapping/release/usage.txt
khalti.BuildConfig
khalti.carbonX.CarbonX:
    28:29:private CarbonX()
    32:32:public static float getDip(android.content.Context)
    36:36:public static float getSp(android.content.Context)
    77:87:public static khalti.carbonX.drawable.ripple.RippleDrawable createRippleDrawable(android.content.res.ColorStateList,khalti.carbonX.drawable.ripple.RippleDrawable$Style,android.view.View,android.graphics.drawable.Drawable,boolean,int)
khalti.carbonX.animation.AnimUtils:
    21:22:private AnimUtils()
    267:267:public static float lerp(float,float,float)
    271:275:public static int lerpColor(float,int,int)
khalti.carbonX.animation.AnimatedColorStateList:
    98:99:public void jumpToCurrentState()
khalti.carbonX.animation.AnimatedView:
    public abstract khalti.carbonX.animation.AnimUtils$Style getOutAnimation()
    public abstract khalti.carbonX.animation.AnimUtils$Style getInAnimation()
    public abstract void setVisibilityImmediate(int)
khalti.carbonX.animation.StateAnimator:
    69:69:com.nineoldandroids.animation.Animator getRunningAnimation()
    153:153:java.util.ArrayList getTuples()
    161:167:public void jumpToCurrentState()
khalti.carbonX.animation.StateAnimator$Tuple:
    181:181:int[] getSpecs()
    185:185:com.nineoldandroids.animation.Animator getAnimation()
khalti.carbonX.drawable.CircularProgressDrawable:
    private static final long DEFAULT_SWEEP_DURATION
    private static final long DEFAULT_ANGLE_DURATION
khalti.carbonX.drawable.ProgressBarDrawable:
    private static final long DEFAULT_SWEEP_DURATION
    private static final long DEFAULT_SWEEP_OFFSET
khalti.carbonX.drawable.ProgressDrawable:
    private static final long DEFAULT_SWEEP_DURATION
    private static final long DEFAULT_SWEEP_OFFSET
    63:63:public long getSweepDuration()
    67:68:public void setSweepDuration(long)
    71:71:public long getSweepDelay()
    75:76:public void setSweepDelay(long)
    87:87:public khalti.carbonX.widget.ProgressBar$Style getStyle()
    96:96:public android.content.res.ColorStateList getBarColor()
    101:102:public void setBarColor(int)
    106:107:public void setBarColor(android.content.res.ColorStateList)
khalti.carbonX.drawable.ripple.AnimatorsCompat:
    14:14:AnimatorsCompat()
    19:22:public static void start(com.nineoldandroids.animation.ObjectAnimator)
khalti.carbonX.drawable.ripple.DrawableReflectiveUtils:
    private static final java.lang.String TAG
    12:12:DrawableReflectiveUtils()
khalti.carbonX.drawable.ripple.LayerDrawable:
    public static final int PADDING_MODE_NEST
    public static final int PADDING_MODE_STACK
    private static final int UNDEFINED_INSET
    95:96:public LayerDrawable(android.graphics.drawable.Drawable[])
    106:125:LayerDrawable(android.graphics.drawable.Drawable[],khalti.carbonX.drawable.ripple.LayerDrawable$LayerState)
    412:416:public int addLayer(android.graphics.drawable.Drawable)
    450:451:public void setId(int,int)
    464:467:public int getId(int)
    488:494:public boolean setDrawableByLayerId(int,android.graphics.drawable.Drawable)
    507:516:public int findIndexByLayerId(int)
    529:552:public void setDrawable(int,android.graphics.drawable.Drawable)
    564:567:public android.graphics.drawable.Drawable getDrawable(int)
    586:589:public void setLayerSize(int,int,int)
    597:599:public void setLayerWidth(int,int)
    608:609:public int getLayerWidth(int)
    618:620:public void setLayerHeight(int,int)
    629:630:public int getLayerHeight(int)
    652:654:public void setLayerGravity(int,int)
    664:665:public int getLayerGravity(int)
    682:683:public void setLayerInset(int,int,int,int,int)
    700:701:public void setLayerInsetRelative(int,int,int,int,int)
    709:711:public void setLayerInsetLeft(int,int)
    719:720:public int getLayerInsetLeft(int)
    729:731:public void setLayerInsetRight(int,int)
    739:740:public int getLayerInsetRight(int)
    749:751:public void setLayerInsetTop(int,int)